<?xml version="1.0" encoding="UTF-8"?>
<!-- Generated by org.testng.reporters.JUnitReportReporter -->
<testsuite hostname="DESKTOP-51T2RU2" failures="0" tests="1" name="googleTest" time="4.570" errors="0" timestamp="2023-04-17T11:53:59 IST" skipped="0">
  <testcase classname="googleTest" name="HomePageCheck" time="4.570"/>
  <system-out/>
</testsuite> <!-- googleTest -->
